[START][2024-09-24 16:35:49] LSP logging initiated
[WARN][2024-09-24 16:35:49] ...lsp/handlers.lua:537	"14:35:49.494 WARNING ⛔️ Environment variable configuration is being deprecated, please use workspace configuration. The following environment variables were used: shfmt"
[WARN][2024-09-24 16:35:49] ...lsp/handlers.lua:537	"14:35:49.554 WARNING ⛔️ file:///home/bolters/Repos/installDots/installDots line 285: non-constant source not supported"
[WARN][2024-09-24 16:35:50] ...lsp/handlers.lua:537	"14:35:50.065 WARNING ⛔️ ShellCheck: disabling linting as no executable was found at path 'shellcheck'"
[WARN][2024-09-24 16:36:07] ...lsp/handlers.lua:537	"14:36:07.153 WARNING ⛔️ file:///home/bolters/Repos/installDots/installDots line 285: non-constant source not supported"
[WARN][2024-09-24 16:36:07] ...lsp/handlers.lua:537	"14:36:07.451 WARNING ⛔️ file:///home/bolters/Repos/installDots/installDots line 285: non-constant source not supported"
[WARN][2024-09-24 16:36:54] ...lsp/handlers.lua:537	"14:36:54.139 WARNING ⛔️ file:///home/bolters/Repos/installDots/installDots line 285: non-constant source not supported"
[WARN][2024-09-24 16:36:54] ...lsp/handlers.lua:537	"14:36:54.356 WARNING ⛔️ file:///home/bolters/Repos/installDots/installDots line 285: non-constant source not supported"
[WARN][2024-09-24 16:36:54] ...lsp/handlers.lua:537	"14:36:54.659 WARNING ⛔️ file:///home/bolters/Repos/installDots/installDots line 285: non-constant source not supported"
[WARN][2024-09-24 16:36:56] ...lsp/handlers.lua:537	"14:36:56.777 WARNING ⛔️ file:///home/bolters/Repos/installDots/installDots line 285: non-constant source not supported"
[WARN][2024-09-24 16:36:56] ...lsp/handlers.lua:537	"14:36:56.778 WARNING ⛔️ Error while parsing file:///home/bolters/Repos/installDots/installDots: syntax error"
[WARN][2024-09-24 16:36:57] ...lsp/handlers.lua:537	"14:36:57.705 WARNING ⛔️ file:///home/bolters/Repos/installDots/installDots line 286: non-constant source not supported"
[WARN][2024-09-24 16:36:57] ...lsp/handlers.lua:537	"14:36:57.857 WARNING ⛔️ file:///home/bolters/Repos/installDots/installDots line 286: non-constant source not supported"
[WARN][2024-09-24 16:37:49] ...lsp/handlers.lua:537	"14:37:49.316 WARNING ⛔️ Error while parsing file:///home/bolters/Repos/installDots/installDots: syntax error"
[WARN][2024-09-24 16:37:49] ...lsp/handlers.lua:537	"14:37:49.965 WARNING ⛔️ Error while parsing file:///home/bolters/Repos/installDots/installDots: syntax error"
[WARN][2024-09-24 16:37:50] ...lsp/handlers.lua:537	"14:37:50.047 WARNING ⛔️ Error while parsing file:///home/bolters/Repos/installDots/installDots: syntax error"
[WARN][2024-09-24 16:37:50] ...lsp/handlers.lua:537	"14:37:50.085 WARNING ⛔️ file:///home/bolters/Repos/installDots/installDots line 286: non-constant source not supported"
[WARN][2024-09-24 16:37:50] ...lsp/handlers.lua:537	"14:37:50.125 WARNING ⛔️ file:///home/bolters/Repos/installDots/installDots line 286: non-constant source not supported"
[WARN][2024-09-24 16:37:50] ...lsp/handlers.lua:537	"14:37:50.279 WARNING ⛔️ file:///home/bolters/Repos/installDots/installDots line 286: non-constant source not supported"
[WARN][2024-09-24 16:37:50] ...lsp/handlers.lua:537	"14:37:50.410 WARNING ⛔️ file:///home/bolters/Repos/installDots/installDots line 286: non-constant source not supported"
[WARN][2024-09-24 16:37:50] ...lsp/handlers.lua:537	"14:37:50.489 WARNING ⛔️ Error while parsing file:///home/bolters/Repos/installDots/installDots: syntax error"
[WARN][2024-09-24 16:37:50] ...lsp/handlers.lua:537	"14:37:50.637 WARNING ⛔️ Error while parsing file:///home/bolters/Repos/installDots/installDots: syntax error"
[WARN][2024-09-24 16:37:50] ...lsp/handlers.lua:537	"14:37:50.789 WARNING ⛔️ Error while parsing file:///home/bolters/Repos/installDots/installDots: syntax error"
[WARN][2024-09-24 16:37:50] ...lsp/handlers.lua:537	"14:37:50.969 WARNING ⛔️ Error while parsing file:///home/bolters/Repos/installDots/installDots: syntax error"
[WARN][2024-09-24 16:37:51] ...lsp/handlers.lua:537	"14:37:51.168 WARNING ⛔️ file:///home/bolters/Repos/installDots/installDots line 286: non-constant source not supported"
[WARN][2024-09-24 16:37:51] ...lsp/handlers.lua:537	"14:37:51.376 WARNING ⛔️ file:///home/bolters/Repos/installDots/installDots line 286: non-constant source not supported"
[WARN][2024-09-24 16:38:02] ...lsp/handlers.lua:537	"14:38:02.526 WARNING ⛔️ file:///home/bolters/Repos/installDots/installDots line 286: non-constant source not supported"
[WARN][2024-09-24 16:38:02] ...lsp/handlers.lua:537	"14:38:02.660 WARNING ⛔️ file:///home/bolters/Repos/installDots/installDots line 286: non-constant source not supported"
[WARN][2024-09-24 16:38:02] ...lsp/handlers.lua:537	"14:38:02.811 WARNING ⛔️ file:///home/bolters/Repos/installDots/installDots line 286: non-constant source not supported"
[WARN][2024-09-24 16:38:04] ...lsp/handlers.lua:537	"14:38:04.960 WARNING ⛔️ file:///home/bolters/Repos/installDots/installDots line 286: non-constant source not supported"
[WARN][2024-09-24 16:38:05] ...lsp/handlers.lua:537	"14:38:05.929 WARNING ⛔️ Error while parsing file:///home/bolters/Repos/installDots/installDots: syntax error"
[WARN][2024-09-24 16:38:07] ...lsp/handlers.lua:537	"14:38:07.255 WARNING ⛔️ file:///home/bolters/Repos/installDots/installDots line 286: non-constant source not supported"
[WARN][2024-09-24 16:38:08] ...lsp/handlers.lua:537	"14:38:08.160 WARNING ⛔️ file:///home/bolters/Repos/installDots/installDots line 286: non-constant source not supported"
[WARN][2024-09-24 16:38:08] ...lsp/handlers.lua:537	"14:38:08.280 WARNING ⛔️ file:///home/bolters/Repos/installDots/installDots line 286: non-constant source not supported"
[WARN][2024-09-24 16:38:08] ...lsp/handlers.lua:537	"14:38:08.589 WARNING ⛔️ file:///home/bolters/Repos/installDots/installDots line 286: non-constant source not supported"
[WARN][2024-09-24 16:38:12] ...lsp/handlers.lua:537	"14:38:12.297 WARNING ⛔️ file:///home/bolters/Repos/installDots/installDots line 286: non-constant source not supported"
[WARN][2024-09-24 16:38:12] ...lsp/handlers.lua:537	"14:38:12.938 WARNING ⛔️ file:///home/bolters/Repos/installDots/installDots line 286: non-constant source not supported"
[WARN][2024-09-24 16:38:12] ...lsp/handlers.lua:537	"14:38:12.938 WARNING ⛔️ Error while parsing file:///home/bolters/Repos/installDots/installDots: syntax error"
[WARN][2024-09-24 16:38:12] ...lsp/handlers.lua:537	"14:38:12.953 WARNING ⛔️ file:///home/bolters/Repos/installDots/installDots line 286: non-constant source not supported"
[WARN][2024-09-24 16:38:13] ...lsp/handlers.lua:537	"14:38:13.554 WARNING ⛔️ file:///home/bolters/Repos/installDots/installDots line 286: non-constant source not supported"
[WARN][2024-09-24 16:38:13] ...lsp/handlers.lua:537	"14:38:13.699 WARNING ⛔️ file:///home/bolters/Repos/installDots/installDots line 286: non-constant source not supported"
[WARN][2024-09-24 16:38:13] ...lsp/handlers.lua:537	"14:38:13.848 WARNING ⛔️ file:///home/bolters/Repos/installDots/installDots line 286: non-constant source not supported"
[WARN][2024-09-24 16:38:21] ...lsp/handlers.lua:537	"14:38:21.124 WARNING ⛔️ file:///home/bolters/Repos/installDots/installDots line 287: non-constant source not supported"
[WARN][2024-09-24 16:38:21] ...lsp/handlers.lua:537	"14:38:21.926 WARNING ⛔️ file:///home/bolters/Repos/installDots/installDots line 287: non-constant source not supported"
[WARN][2024-09-24 16:38:22] ...lsp/handlers.lua:537	"14:38:22.269 WARNING ⛔️ file:///home/bolters/Repos/installDots/installDots line 287: non-constant source not supported"
[WARN][2024-09-24 16:38:22] ...lsp/handlers.lua:537	"14:38:22.425 WARNING ⛔️ file:///home/bolters/Repos/installDots/installDots line 287: non-constant source not supported"
[WARN][2024-09-24 16:38:23] ...lsp/handlers.lua:537	"14:38:23.042 WARNING ⛔️ file:///home/bolters/Repos/installDots/installDots line 287: non-constant source not supported"
[WARN][2024-09-24 16:38:23] ...lsp/handlers.lua:537	"14:38:23.190 WARNING ⛔️ file:///home/bolters/Repos/installDots/installDots line 287: non-constant source not supported"
[WARN][2024-09-24 16:38:23] ...lsp/handlers.lua:537	"14:38:23.564 WARNING ⛔️ file:///home/bolters/Repos/installDots/installDots line 287: non-constant source not supported"
[WARN][2024-09-24 16:38:23] ...lsp/handlers.lua:537	"14:38:23.720 WARNING ⛔️ file:///home/bolters/Repos/installDots/installDots line 287: non-constant source not supported"
[WARN][2024-09-24 16:38:23] ...lsp/handlers.lua:537	"14:38:23.876 WARNING ⛔️ file:///home/bolters/Repos/installDots/installDots line 287: non-constant source not supported"
[WARN][2024-09-24 16:38:31] ...lsp/handlers.lua:537	"14:38:31.523 WARNING ⛔️ file:///home/bolters/Repos/installDots/installDots line 287: non-constant source not supported"
[WARN][2024-09-24 16:38:33] ...lsp/handlers.lua:537	"14:38:33.021 WARNING ⛔️ file:///home/bolters/Repos/installDots/installDots line 287: non-constant source not supported"
[WARN][2024-09-24 16:38:33] ...lsp/handlers.lua:537	"14:38:33.021 WARNING ⛔️ Error while parsing file:///home/bolters/Repos/installDots/installDots: syntax error"
[WARN][2024-09-24 16:38:33] ...lsp/handlers.lua:537	"14:38:33.272 WARNING ⛔️ file:///home/bolters/Repos/installDots/installDots line 287: non-constant source not supported"
[WARN][2024-09-24 16:38:34] ...lsp/handlers.lua:537	"14:38:34.329 WARNING ⛔️ file:///home/bolters/Repos/installDots/installDots line 287: non-constant source not supported"
[WARN][2024-09-24 16:38:34] ...lsp/handlers.lua:537	"14:38:34.527 WARNING ⛔️ file:///home/bolters/Repos/installDots/installDots line 287: non-constant source not supported"
[WARN][2024-09-24 16:38:34] ...lsp/handlers.lua:537	"14:38:34.672 WARNING ⛔️ file:///home/bolters/Repos/installDots/installDots line 287: non-constant source not supported"
[WARN][2024-09-24 16:38:34] ...lsp/handlers.lua:537	"14:38:34.824 WARNING ⛔️ file:///home/bolters/Repos/installDots/installDots line 287: non-constant source not supported"
[WARN][2024-09-24 16:38:38] ...lsp/handlers.lua:537	"14:38:38.407 WARNING ⛔️ file:///home/bolters/Repos/installDots/installDots line 287: non-constant source not supported"
[WARN][2024-09-24 16:38:39] ...lsp/handlers.lua:537	"14:38:39.138 WARNING ⛔️ file:///home/bolters/Repos/installDots/installDots line 287: non-constant source not supported"
[WARN][2024-09-24 16:38:39] ...lsp/handlers.lua:537	"14:38:39.138 WARNING ⛔️ Error while parsing file:///home/bolters/Repos/installDots/installDots: syntax error"
[WARN][2024-09-24 16:38:39] ...lsp/handlers.lua:537	"14:38:39.144 WARNING ⛔️ file:///home/bolters/Repos/installDots/installDots line 287: non-constant source not supported"
[WARN][2024-09-24 16:38:39] ...lsp/handlers.lua:537	"14:38:39.996 WARNING ⛔️ file:///home/bolters/Repos/installDots/installDots line 287: non-constant source not supported"
[WARN][2024-09-24 16:38:40] ...lsp/handlers.lua:537	"14:38:40.149 WARNING ⛔️ file:///home/bolters/Repos/installDots/installDots line 287: non-constant source not supported"
[WARN][2024-09-24 16:38:40] ...lsp/handlers.lua:537	"14:38:40.300 WARNING ⛔️ file:///home/bolters/Repos/installDots/installDots line 287: non-constant source not supported"
[WARN][2024-09-24 16:38:55] ...lsp/handlers.lua:537	"14:38:55.860 WARNING ⛔️ file:///home/bolters/Repos/installDots/installDots line 288: non-constant source not supported"
[WARN][2024-09-24 16:38:56] ...lsp/handlers.lua:537	"14:38:56.601 WARNING ⛔️ file:///home/bolters/Repos/installDots/installDots line 288: non-constant source not supported"
[WARN][2024-09-24 16:38:56] ...lsp/handlers.lua:537	"14:38:56.912 WARNING ⛔️ file:///home/bolters/Repos/installDots/installDots line 288: non-constant source not supported"
[WARN][2024-09-24 16:38:57] ...lsp/handlers.lua:537	"14:38:57.054 WARNING ⛔️ file:///home/bolters/Repos/installDots/installDots line 288: non-constant source not supported"
[WARN][2024-09-24 16:38:57] ...lsp/handlers.lua:537	"14:38:57.206 WARNING ⛔️ file:///home/bolters/Repos/installDots/installDots line 288: non-constant source not supported"
[WARN][2024-09-24 16:38:57] ...lsp/handlers.lua:537	"14:38:57.408 WARNING ⛔️ file:///home/bolters/Repos/installDots/installDots line 288: non-constant source not supported"
[WARN][2024-09-24 16:38:57] ...lsp/handlers.lua:537	"14:38:57.581 WARNING ⛔️ file:///home/bolters/Repos/installDots/installDots line 288: non-constant source not supported"
[WARN][2024-09-24 16:38:57] ...lsp/handlers.lua:537	"14:38:57.731 WARNING ⛔️ file:///home/bolters/Repos/installDots/installDots line 288: non-constant source not supported"
[WARN][2024-09-24 16:38:58] ...lsp/handlers.lua:537	"14:38:58.256 WARNING ⛔️ file:///home/bolters/Repos/installDots/installDots line 288: non-constant source not supported"
[WARN][2024-09-24 16:38:58] ...lsp/handlers.lua:537	"14:38:58.395 WARNING ⛔️ file:///home/bolters/Repos/installDots/installDots line 288: non-constant source not supported"
[WARN][2024-09-24 16:38:58] ...lsp/handlers.lua:537	"14:38:58.555 WARNING ⛔️ file:///home/bolters/Repos/installDots/installDots line 288: non-constant source not supported"
[WARN][2024-09-24 16:38:58] ...lsp/handlers.lua:537	"14:38:58.834 WARNING ⛔️ file:///home/bolters/Repos/installDots/installDots line 288: non-constant source not supported"
[WARN][2024-09-24 16:38:58] ...lsp/handlers.lua:537	"14:38:58.973 WARNING ⛔️ file:///home/bolters/Repos/installDots/installDots line 288: non-constant source not supported"
[WARN][2024-09-24 16:38:59] ...lsp/handlers.lua:537	"14:38:59.274 WARNING ⛔️ file:///home/bolters/Repos/installDots/installDots line 288: non-constant source not supported"
[WARN][2024-09-24 16:39:01] ...lsp/handlers.lua:537	"14:39:01.615 WARNING ⛔️ file:///home/bolters/Repos/installDots/installDots line 288: non-constant source not supported"
[WARN][2024-09-24 16:39:02] ...lsp/handlers.lua:537	"14:39:02.471 WARNING ⛔️ Error while parsing file:///home/bolters/Repos/installDots/installDots: syntax error"
[WARN][2024-09-24 16:39:02] ...lsp/handlers.lua:537	"14:39:02.813 WARNING ⛔️ file:///home/bolters/Repos/installDots/installDots line 288: non-constant source not supported"
[WARN][2024-09-24 16:39:03] ...lsp/handlers.lua:537	"14:39:03.781 WARNING ⛔️ file:///home/bolters/Repos/installDots/installDots line 288: non-constant source not supported"
[WARN][2024-09-24 16:39:03] ...lsp/handlers.lua:537	"14:39:03.951 WARNING ⛔️ file:///home/bolters/Repos/installDots/installDots line 288: non-constant source not supported"
[WARN][2024-09-24 16:39:04] ...lsp/handlers.lua:537	"14:39:04.104 WARNING ⛔️ file:///home/bolters/Repos/installDots/installDots line 288: non-constant source not supported"
[WARN][2024-09-24 16:39:04] ...lsp/handlers.lua:537	"14:39:04.535 WARNING ⛔️ file:///home/bolters/Repos/installDots/installDots line 288: non-constant source not supported"
[WARN][2024-09-24 16:39:08] ...lsp/handlers.lua:537	"14:39:08.334 WARNING ⛔️ file:///home/bolters/Repos/installDots/installDots line 288: non-constant source not supported"
[WARN][2024-09-24 16:39:08] ...lsp/handlers.lua:537	"14:39:08.982 WARNING ⛔️ file:///home/bolters/Repos/installDots/installDots line 288: non-constant source not supported"
[WARN][2024-09-24 16:39:08] ...lsp/handlers.lua:537	"14:39:08.982 WARNING ⛔️ Error while parsing file:///home/bolters/Repos/installDots/installDots: syntax error"
[WARN][2024-09-24 16:39:08] ...lsp/handlers.lua:537	"14:39:08.992 WARNING ⛔️ file:///home/bolters/Repos/installDots/installDots line 288: non-constant source not supported"
[WARN][2024-09-24 16:39:09] ...lsp/handlers.lua:537	"14:39:09.415 WARNING ⛔️ file:///home/bolters/Repos/installDots/installDots line 288: non-constant source not supported"
[WARN][2024-09-24 16:39:09] ...lsp/handlers.lua:537	"14:39:09.554 WARNING ⛔️ file:///home/bolters/Repos/installDots/installDots line 288: non-constant source not supported"
[WARN][2024-09-24 16:39:09] ...lsp/handlers.lua:537	"14:39:09.703 WARNING ⛔️ file:///home/bolters/Repos/installDots/installDots line 288: non-constant source not supported"
[WARN][2024-09-24 16:39:17] ...lsp/handlers.lua:537	"14:39:17.635 WARNING ⛔️ file:///home/bolters/Repos/installDots/installDots line 289: non-constant source not supported"
[WARN][2024-09-24 16:39:18] ...lsp/handlers.lua:537	"14:39:18.374 WARNING ⛔️ file:///home/bolters/Repos/installDots/installDots line 289: non-constant source not supported"
[WARN][2024-09-24 16:39:18] ...lsp/handlers.lua:537	"14:39:18.730 WARNING ⛔️ file:///home/bolters/Repos/installDots/installDots line 289: non-constant source not supported"
[WARN][2024-09-24 16:39:18] ...lsp/handlers.lua:537	"14:39:18.871 WARNING ⛔️ file:///home/bolters/Repos/installDots/installDots line 289: non-constant source not supported"
[WARN][2024-09-24 16:39:19] ...lsp/handlers.lua:537	"14:39:19.020 WARNING ⛔️ file:///home/bolters/Repos/installDots/installDots line 289: non-constant source not supported"
[WARN][2024-09-24 16:39:19] ...lsp/handlers.lua:537	"14:39:19.173 WARNING ⛔️ file:///home/bolters/Repos/installDots/installDots line 289: non-constant source not supported"
[WARN][2024-09-24 16:39:19] ...lsp/handlers.lua:537	"14:39:19.312 WARNING ⛔️ file:///home/bolters/Repos/installDots/installDots line 289: non-constant source not supported"
[WARN][2024-09-24 16:39:19] ...lsp/handlers.lua:537	"14:39:19.519 WARNING ⛔️ file:///home/bolters/Repos/installDots/installDots line 289: non-constant source not supported"
[WARN][2024-09-24 16:39:19] ...lsp/handlers.lua:537	"14:39:19.661 WARNING ⛔️ file:///home/bolters/Repos/installDots/installDots line 289: non-constant source not supported"
[WARN][2024-09-24 16:39:21] ...lsp/handlers.lua:537	"14:39:21.581 WARNING ⛔️ file:///home/bolters/Repos/installDots/installDots line 289: non-constant source not supported"
[WARN][2024-09-24 16:39:22] ...lsp/handlers.lua:537	"14:39:22.737 WARNING ⛔️ file:///home/bolters/Repos/installDots/installDots line 289: non-constant source not supported"
[WARN][2024-09-24 16:39:24] ...lsp/handlers.lua:537	"14:39:24.358 WARNING ⛔️ file:///home/bolters/Repos/installDots/installDots line 289: non-constant source not supported"
[WARN][2024-09-24 16:39:27] ...lsp/handlers.lua:537	"14:39:27.011 WARNING ⛔️ Error while parsing file:///home/bolters/Repos/installDots/installDots: syntax error"
[WARN][2024-09-24 16:39:27] ...lsp/handlers.lua:537	"14:39:27.274 WARNING ⛔️ file:///home/bolters/Repos/installDots/installDots line 289: non-constant source not supported"
[WARN][2024-09-24 16:39:28] ...lsp/handlers.lua:537	"14:39:28.279 WARNING ⛔️ file:///home/bolters/Repos/installDots/installDots line 289: non-constant source not supported"
[WARN][2024-09-24 16:39:28] ...lsp/handlers.lua:537	"14:39:28.423 WARNING ⛔️ file:///home/bolters/Repos/installDots/installDots line 289: non-constant source not supported"
[WARN][2024-09-24 16:39:28] ...lsp/handlers.lua:537	"14:39:28.569 WARNING ⛔️ file:///home/bolters/Repos/installDots/installDots line 289: non-constant source not supported"
[WARN][2024-09-24 16:39:28] ...lsp/handlers.lua:537	"14:39:28.978 WARNING ⛔️ file:///home/bolters/Repos/installDots/installDots line 289: non-constant source not supported"
[WARN][2024-09-24 16:39:32] ...lsp/handlers.lua:537	"14:39:32.079 WARNING ⛔️ file:///home/bolters/Repos/installDots/installDots line 289: non-constant source not supported"
[WARN][2024-09-24 16:39:33] ...lsp/handlers.lua:537	"14:39:33.357 WARNING ⛔️ file:///home/bolters/Repos/installDots/installDots line 289: non-constant source not supported"
[WARN][2024-09-24 16:39:35] ...lsp/handlers.lua:537	"14:39:35.109 WARNING ⛔️ file:///home/bolters/Repos/installDots/installDots line 289: non-constant source not supported"
[WARN][2024-09-24 16:39:35] ...lsp/handlers.lua:537	"14:39:35.109 WARNING ⛔️ Error while parsing file:///home/bolters/Repos/installDots/installDots: syntax error"
[WARN][2024-09-24 16:39:35] ...lsp/handlers.lua:537	"14:39:35.118 WARNING ⛔️ file:///home/bolters/Repos/installDots/installDots line 289: non-constant source not supported"
[WARN][2024-09-24 16:39:36] ...lsp/handlers.lua:537	"14:39:36.712 WARNING ⛔️ file:///home/bolters/Repos/installDots/installDots line 289: non-constant source not supported"
[WARN][2024-09-24 16:39:36] ...lsp/handlers.lua:537	"14:39:36.853 WARNING ⛔️ file:///home/bolters/Repos/installDots/installDots line 289: non-constant source not supported"
[WARN][2024-09-24 16:39:37] ...lsp/handlers.lua:537	"14:39:37.007 WARNING ⛔️ file:///home/bolters/Repos/installDots/installDots line 289: non-constant source not supported"
[WARN][2024-09-24 16:39:45] ...lsp/handlers.lua:537	"14:39:45.773 WARNING ⛔️ file:///home/bolters/Repos/installDots/installDots line 290: non-constant source not supported"
[WARN][2024-09-24 16:39:46] ...lsp/handlers.lua:537	"14:39:46.645 WARNING ⛔️ file:///home/bolters/Repos/installDots/installDots line 290: non-constant source not supported"
[WARN][2024-09-24 16:39:47] ...lsp/handlers.lua:537	"14:39:47.029 WARNING ⛔️ file:///home/bolters/Repos/installDots/installDots line 290: non-constant source not supported"
[WARN][2024-09-24 16:39:47] ...lsp/handlers.lua:537	"14:39:47.295 WARNING ⛔️ file:///home/bolters/Repos/installDots/installDots line 290: non-constant source not supported"
[WARN][2024-09-24 16:39:47] ...lsp/handlers.lua:537	"14:39:47.505 WARNING ⛔️ file:///home/bolters/Repos/installDots/installDots line 290: non-constant source not supported"
[WARN][2024-09-24 16:39:47] ...lsp/handlers.lua:537	"14:39:47.930 WARNING ⛔️ file:///home/bolters/Repos/installDots/installDots line 290: non-constant source not supported"
[WARN][2024-09-24 16:39:48] ...lsp/handlers.lua:537	"14:39:48.315 WARNING ⛔️ file:///home/bolters/Repos/installDots/installDots line 290: non-constant source not supported"
[WARN][2024-09-24 16:39:48] ...lsp/handlers.lua:537	"14:39:48.384 WARNING ⛔️ file:///home/bolters/Repos/installDots/installDots line 290: non-constant source not supported"
[WARN][2024-09-24 16:39:48] ...lsp/handlers.lua:537	"14:39:48.568 WARNING ⛔️ file:///home/bolters/Repos/installDots/installDots line 290: non-constant source not supported"
[WARN][2024-09-24 16:39:51] ...lsp/handlers.lua:537	"14:39:51.211 WARNING ⛔️ file:///home/bolters/Repos/installDots/installDots line 290: non-constant source not supported"
[WARN][2024-09-24 16:39:52] ...lsp/handlers.lua:537	"14:39:52.236 WARNING ⛔️ Error while parsing file:///home/bolters/Repos/installDots/installDots: syntax error"
[WARN][2024-09-24 16:39:52] ...lsp/handlers.lua:537	"14:39:52.513 WARNING ⛔️ file:///home/bolters/Repos/installDots/installDots line 290: non-constant source not supported"
[WARN][2024-09-24 16:39:53] ...lsp/handlers.lua:537	"14:39:53.449 WARNING ⛔️ file:///home/bolters/Repos/installDots/installDots line 290: non-constant source not supported"
[WARN][2024-09-24 16:39:53] ...lsp/handlers.lua:537	"14:39:53.613 WARNING ⛔️ file:///home/bolters/Repos/installDots/installDots line 290: non-constant source not supported"
[WARN][2024-09-24 16:39:53] ...lsp/handlers.lua:537	"14:39:53.755 WARNING ⛔️ file:///home/bolters/Repos/installDots/installDots line 290: non-constant source not supported"
[WARN][2024-09-24 16:39:54] ...lsp/handlers.lua:537	"14:39:54.099 WARNING ⛔️ file:///home/bolters/Repos/installDots/installDots line 290: non-constant source not supported"
[WARN][2024-09-24 16:39:58] ...lsp/handlers.lua:537	"14:39:58.031 WARNING ⛔️ file:///home/bolters/Repos/installDots/installDots line 290: non-constant source not supported"
[WARN][2024-09-24 16:39:58] ...lsp/handlers.lua:537	"14:39:58.720 WARNING ⛔️ file:///home/bolters/Repos/installDots/installDots line 290: non-constant source not supported"
[WARN][2024-09-24 16:39:58] ...lsp/handlers.lua:537	"14:39:58.720 WARNING ⛔️ Error while parsing file:///home/bolters/Repos/installDots/installDots: syntax error"
[WARN][2024-09-24 16:39:58] ...lsp/handlers.lua:537	"14:39:58.726 WARNING ⛔️ file:///home/bolters/Repos/installDots/installDots line 290: non-constant source not supported"
[WARN][2024-09-24 16:39:59] ...lsp/handlers.lua:537	"14:39:59.222 WARNING ⛔️ file:///home/bolters/Repos/installDots/installDots line 290: non-constant source not supported"
[WARN][2024-09-24 16:39:59] ...lsp/handlers.lua:537	"14:39:59.361 WARNING ⛔️ file:///home/bolters/Repos/installDots/installDots line 290: non-constant source not supported"
[WARN][2024-09-24 16:39:59] ...lsp/handlers.lua:537	"14:39:59.514 WARNING ⛔️ file:///home/bolters/Repos/installDots/installDots line 290: non-constant source not supported"
[WARN][2024-09-24 16:40:07] ...lsp/handlers.lua:537	"14:40:07.387 WARNING ⛔️ file:///home/bolters/Repos/installDots/installDots line 291: non-constant source not supported"
[WARN][2024-09-24 16:40:08] ...lsp/handlers.lua:537	"14:40:08.072 WARNING ⛔️ file:///home/bolters/Repos/installDots/installDots line 291: non-constant source not supported"
[WARN][2024-09-24 16:40:08] ...lsp/handlers.lua:537	"14:40:08.430 WARNING ⛔️ file:///home/bolters/Repos/installDots/installDots line 291: non-constant source not supported"
[WARN][2024-09-24 16:40:08] ...lsp/handlers.lua:537	"14:40:08.577 WARNING ⛔️ file:///home/bolters/Repos/installDots/installDots line 291: non-constant source not supported"
[WARN][2024-09-24 16:40:08] ...lsp/handlers.lua:537	"14:40:08.717 WARNING ⛔️ file:///home/bolters/Repos/installDots/installDots line 291: non-constant source not supported"
[WARN][2024-09-24 16:40:08] ...lsp/handlers.lua:537	"14:40:08.866 WARNING ⛔️ file:///home/bolters/Repos/installDots/installDots line 291: non-constant source not supported"
[WARN][2024-09-24 16:40:09] ...lsp/handlers.lua:537	"14:40:09.252 WARNING ⛔️ file:///home/bolters/Repos/installDots/installDots line 291: non-constant source not supported"
[WARN][2024-09-24 16:40:09] ...lsp/handlers.lua:537	"14:40:09.431 WARNING ⛔️ file:///home/bolters/Repos/installDots/installDots line 291: non-constant source not supported"
[WARN][2024-09-24 16:40:09] ...lsp/handlers.lua:537	"14:40:09.585 WARNING ⛔️ file:///home/bolters/Repos/installDots/installDots line 291: non-constant source not supported"
[WARN][2024-09-24 16:40:11] ...lsp/handlers.lua:537	"14:40:11.685 WARNING ⛔️ file:///home/bolters/Repos/installDots/installDots line 291: non-constant source not supported"
[WARN][2024-09-24 16:40:12] ...lsp/handlers.lua:537	"14:40:12.483 WARNING ⛔️ Error while parsing file:///home/bolters/Repos/installDots/installDots: syntax error"
[WARN][2024-09-24 16:40:13] ...lsp/handlers.lua:537	"14:40:13.127 WARNING ⛔️ Error while parsing file:///home/bolters/Repos/installDots/installDots: syntax error"
[WARN][2024-09-24 16:40:13] ...lsp/handlers.lua:537	"14:40:13.304 WARNING ⛔️ Error while parsing file:///home/bolters/Repos/installDots/installDots: syntax error"
[WARN][2024-09-24 16:40:13] ...lsp/handlers.lua:537	"14:40:13.440 WARNING ⛔️ Error while parsing file:///home/bolters/Repos/installDots/installDots: syntax error"
[WARN][2024-09-24 16:40:13] ...lsp/handlers.lua:537	"14:40:13.597 WARNING ⛔️ Error while parsing file:///home/bolters/Repos/installDots/installDots: syntax error"
[WARN][2024-09-24 16:40:15] ...lsp/handlers.lua:537	"14:40:15.632 WARNING ⛔️ file:///home/bolters/Repos/installDots/installDots line 291: non-constant source not supported"
[WARN][2024-09-24 16:40:18] ...lsp/handlers.lua:537	"14:40:18.743 WARNING ⛔️ file:///home/bolters/Repos/installDots/installDots line 291: non-constant source not supported"
[WARN][2024-09-24 16:40:19] ...lsp/handlers.lua:537	"14:40:19.474 WARNING ⛔️ file:///home/bolters/Repos/installDots/installDots line 291: non-constant source not supported"
[WARN][2024-09-24 16:40:19] ...lsp/handlers.lua:537	"14:40:19.475 WARNING ⛔️ Error while parsing file:///home/bolters/Repos/installDots/installDots: syntax error"
[WARN][2024-09-24 16:40:19] ...lsp/handlers.lua:537	"14:40:19.485 WARNING ⛔️ file:///home/bolters/Repos/installDots/installDots line 291: non-constant source not supported"
[WARN][2024-09-24 16:40:19] ...lsp/handlers.lua:537	"14:40:19.922 WARNING ⛔️ file:///home/bolters/Repos/installDots/installDots line 291: non-constant source not supported"
[WARN][2024-09-24 16:40:20] ...lsp/handlers.lua:537	"14:40:20.078 WARNING ⛔️ file:///home/bolters/Repos/installDots/installDots line 291: non-constant source not supported"
[WARN][2024-09-24 16:40:20] ...lsp/handlers.lua:537	"14:40:20.228 WARNING ⛔️ file:///home/bolters/Repos/installDots/installDots line 291: non-constant source not supported"
[WARN][2024-09-24 16:40:28] ...lsp/handlers.lua:537	"14:40:28.505 WARNING ⛔️ file:///home/bolters/Repos/installDots/installDots line 292: non-constant source not supported"
[WARN][2024-09-24 16:40:29] ...lsp/handlers.lua:537	"14:40:29.552 WARNING ⛔️ file:///home/bolters/Repos/installDots/installDots line 292: non-constant source not supported"
[WARN][2024-09-24 16:40:29] ...lsp/handlers.lua:537	"14:40:29.832 WARNING ⛔️ file:///home/bolters/Repos/installDots/installDots line 292: non-constant source not supported"
[WARN][2024-09-24 16:40:29] ...lsp/handlers.lua:537	"14:40:29.981 WARNING ⛔️ file:///home/bolters/Repos/installDots/installDots line 292: non-constant source not supported"
[WARN][2024-09-24 16:40:30] ...lsp/handlers.lua:537	"14:40:30.139 WARNING ⛔️ file:///home/bolters/Repos/installDots/installDots line 292: non-constant source not supported"
[WARN][2024-09-24 16:40:30] ...lsp/handlers.lua:537	"14:40:30.289 WARNING ⛔️ file:///home/bolters/Repos/installDots/installDots line 292: non-constant source not supported"
[WARN][2024-09-24 16:40:30] ...lsp/handlers.lua:537	"14:40:30.465 WARNING ⛔️ file:///home/bolters/Repos/installDots/installDots line 292: non-constant source not supported"
[WARN][2024-09-24 16:40:30] ...lsp/handlers.lua:537	"14:40:30.638 WARNING ⛔️ file:///home/bolters/Repos/installDots/installDots line 292: non-constant source not supported"
[WARN][2024-09-24 16:40:30] ...lsp/handlers.lua:537	"14:40:30.781 WARNING ⛔️ file:///home/bolters/Repos/installDots/installDots line 292: non-constant source not supported"
[WARN][2024-09-24 16:40:34] ...lsp/handlers.lua:537	"14:40:34.318 WARNING ⛔️ file:///home/bolters/Repos/installDots/installDots line 292: non-constant source not supported"
[WARN][2024-09-24 16:40:34] ...lsp/handlers.lua:537	"14:40:34.884 WARNING ⛔️ Error while parsing file:///home/bolters/Repos/installDots/installDots: syntax error"
[WARN][2024-09-24 16:40:35] ...lsp/handlers.lua:537	"14:40:35.636 WARNING ⛔️ file:///home/bolters/Repos/installDots/installDots line 292: non-constant source not supported"
[WARN][2024-09-24 16:40:37] ...lsp/handlers.lua:537	"14:40:37.167 WARNING ⛔️ file:///home/bolters/Repos/installDots/installDots line 292: non-constant source not supported"
[WARN][2024-09-24 16:40:37] ...lsp/handlers.lua:537	"14:40:37.330 WARNING ⛔️ file:///home/bolters/Repos/installDots/installDots line 292: non-constant source not supported"
[WARN][2024-09-24 16:40:37] ...lsp/handlers.lua:537	"14:40:37.479 WARNING ⛔️ file:///home/bolters/Repos/installDots/installDots line 292: non-constant source not supported"
[WARN][2024-09-24 16:40:37] ...lsp/handlers.lua:537	"14:40:37.632 WARNING ⛔️ file:///home/bolters/Repos/installDots/installDots line 292: non-constant source not supported"
[WARN][2024-09-24 16:40:41] ...lsp/handlers.lua:537	"14:40:41.699 WARNING ⛔️ file:///home/bolters/Repos/installDots/installDots line 292: non-constant source not supported"
[WARN][2024-09-24 16:40:42] ...lsp/handlers.lua:537	"14:40:42.276 WARNING ⛔️ file:///home/bolters/Repos/installDots/installDots line 292: non-constant source not supported"
[WARN][2024-09-24 16:40:42] ...lsp/handlers.lua:537	"14:40:42.276 WARNING ⛔️ Error while parsing file:///home/bolters/Repos/installDots/installDots: syntax error"
[WARN][2024-09-24 16:40:42] ...lsp/handlers.lua:537	"14:40:42.287 WARNING ⛔️ file:///home/bolters/Repos/installDots/installDots line 292: non-constant source not supported"
[WARN][2024-09-24 16:40:43] ...lsp/handlers.lua:537	"14:40:43.132 WARNING ⛔️ file:///home/bolters/Repos/installDots/installDots line 292: non-constant source not supported"
[WARN][2024-09-24 16:40:43] ...lsp/handlers.lua:537	"14:40:43.279 WARNING ⛔️ file:///home/bolters/Repos/installDots/installDots line 292: non-constant source not supported"
[WARN][2024-09-24 16:40:43] ...lsp/handlers.lua:537	"14:40:43.430 WARNING ⛔️ file:///home/bolters/Repos/installDots/installDots line 292: non-constant source not supported"
[WARN][2024-09-24 16:40:49] ...lsp/handlers.lua:537	"14:40:49.673 WARNING ⛔️ file:///home/bolters/Repos/installDots/installDots line 293: non-constant source not supported"
[WARN][2024-09-24 16:40:57] ...lsp/handlers.lua:537	"14:40:57.998 WARNING ⛔️ file:///home/bolters/Repos/installDots/installDots line 293: non-constant source not supported"
[WARN][2024-09-24 16:40:58] ...lsp/handlers.lua:537	"14:40:58.350 WARNING ⛔️ file:///home/bolters/Repos/installDots/installDots line 293: non-constant source not supported"
[WARN][2024-09-24 16:40:58] ...lsp/handlers.lua:537	"14:40:58.492 WARNING ⛔️ file:///home/bolters/Repos/installDots/installDots line 293: non-constant source not supported"
[WARN][2024-09-24 16:40:58] ...lsp/handlers.lua:537	"14:40:58.643 WARNING ⛔️ file:///home/bolters/Repos/installDots/installDots line 293: non-constant source not supported"
[WARN][2024-09-24 16:40:58] ...lsp/handlers.lua:537	"14:40:58.841 WARNING ⛔️ file:///home/bolters/Repos/installDots/installDots line 293: non-constant source not supported"
[WARN][2024-09-24 16:40:59] ...lsp/handlers.lua:537	"14:40:59.001 WARNING ⛔️ file:///home/bolters/Repos/installDots/installDots line 293: non-constant source not supported"
[WARN][2024-09-24 16:40:59] ...lsp/handlers.lua:537	"14:40:59.159 WARNING ⛔️ file:///home/bolters/Repos/installDots/installDots line 293: non-constant source not supported"
[WARN][2024-09-24 16:41:01] ...lsp/handlers.lua:537	"14:41:01.957 WARNING ⛔️ file:///home/bolters/Repos/installDots/installDots line 293: non-constant source not supported"
[WARN][2024-09-24 16:41:02] ...lsp/handlers.lua:537	"14:41:02.673 WARNING ⛔️ file:///home/bolters/Repos/installDots/installDots line 293: non-constant source not supported"
[WARN][2024-09-24 16:41:02] ...lsp/handlers.lua:537	"14:41:02.673 WARNING ⛔️ Error while parsing file:///home/bolters/Repos/installDots/installDots: syntax error"
[WARN][2024-09-24 16:41:04] ...lsp/handlers.lua:537	"14:41:04.035 WARNING ⛔️ file:///home/bolters/Repos/installDots/installDots line 293: non-constant source not supported"
[WARN][2024-09-24 16:41:04] ...lsp/handlers.lua:537	"14:41:04.036 WARNING ⛔️ Error while parsing file:///home/bolters/Repos/installDots/installDots: syntax error"
[WARN][2024-09-24 16:41:04] ...lsp/handlers.lua:537	"14:41:04.205 WARNING ⛔️ file:///home/bolters/Repos/installDots/installDots line 293: non-constant source not supported"
[WARN][2024-09-24 16:41:04] ...lsp/handlers.lua:537	"14:41:04.205 WARNING ⛔️ Error while parsing file:///home/bolters/Repos/installDots/installDots: syntax error"
[WARN][2024-09-24 16:41:04] ...lsp/handlers.lua:537	"14:41:04.365 WARNING ⛔️ file:///home/bolters/Repos/installDots/installDots line 293: non-constant source not supported"
[WARN][2024-09-24 16:41:04] ...lsp/handlers.lua:537	"14:41:04.365 WARNING ⛔️ Error while parsing file:///home/bolters/Repos/installDots/installDots: syntax error"
[WARN][2024-09-24 16:41:04] ...lsp/handlers.lua:537	"14:41:04.507 WARNING ⛔️ file:///home/bolters/Repos/installDots/installDots line 293: non-constant source not supported"
[WARN][2024-09-24 16:41:04] ...lsp/handlers.lua:537	"14:41:04.507 WARNING ⛔️ Error while parsing file:///home/bolters/Repos/installDots/installDots: syntax error"
[WARN][2024-09-24 16:41:05] ...lsp/handlers.lua:537	"14:41:05.601 WARNING ⛔️ file:///home/bolters/Repos/installDots/installDots line 293: non-constant source not supported"
[WARN][2024-09-24 16:41:09] ...lsp/handlers.lua:537	"14:41:09.567 WARNING ⛔️ file:///home/bolters/Repos/installDots/installDots line 293: non-constant source not supported"
[WARN][2024-09-24 16:41:10] ...lsp/handlers.lua:537	"14:41:10.343 WARNING ⛔️ file:///home/bolters/Repos/installDots/installDots line 293: non-constant source not supported"
[WARN][2024-09-24 16:41:16] ...lsp/handlers.lua:537	"14:41:16.685 WARNING ⛔️ file:///home/bolters/Repos/installDots/installDots line 293: non-constant source not supported"
[WARN][2024-09-24 16:41:17] ...lsp/handlers.lua:537	"14:41:17.395 WARNING ⛔️ file:///home/bolters/Repos/installDots/installDots line 293: non-constant source not supported"
[WARN][2024-09-24 16:41:17] ...lsp/handlers.lua:537	"14:41:17.395 WARNING ⛔️ Error while parsing file:///home/bolters/Repos/installDots/installDots: syntax error"
[WARN][2024-09-24 16:41:17] ...lsp/handlers.lua:537	"14:41:17.404 WARNING ⛔️ file:///home/bolters/Repos/installDots/installDots line 293: non-constant source not supported"
[WARN][2024-09-24 16:41:17] ...lsp/handlers.lua:537	"14:41:17.838 WARNING ⛔️ file:///home/bolters/Repos/installDots/installDots line 293: non-constant source not supported"
[WARN][2024-09-24 16:41:17] ...lsp/handlers.lua:537	"14:41:17.994 WARNING ⛔️ file:///home/bolters/Repos/installDots/installDots line 293: non-constant source not supported"
[WARN][2024-09-24 16:41:18] ...lsp/handlers.lua:537	"14:41:18.145 WARNING ⛔️ file:///home/bolters/Repos/installDots/installDots line 293: non-constant source not supported"
[WARN][2024-09-24 16:41:26] ...lsp/handlers.lua:537	"14:41:26.713 WARNING ⛔️ file:///home/bolters/Repos/installDots/installDots line 293: non-constant source not supported"
[WARN][2024-09-24 16:41:26] ...lsp/handlers.lua:537	"14:41:26.863 WARNING ⛔️ file:///home/bolters/Repos/installDots/installDots line 293: non-constant source not supported"
[WARN][2024-09-24 16:41:27] ...lsp/handlers.lua:537	"14:41:27.020 WARNING ⛔️ file:///home/bolters/Repos/installDots/installDots line 293: non-constant source not supported"
[WARN][2024-09-24 16:41:27] ...lsp/handlers.lua:537	"14:41:27.193 WARNING ⛔️ file:///home/bolters/Repos/installDots/installDots line 293: non-constant source not supported"
[WARN][2024-09-24 16:41:27] ...lsp/handlers.lua:537	"14:41:27.365 WARNING ⛔️ file:///home/bolters/Repos/installDots/installDots line 293: non-constant source not supported"
[WARN][2024-09-24 16:41:27] ...lsp/handlers.lua:537	"14:41:27.533 WARNING ⛔️ file:///home/bolters/Repos/installDots/installDots line 293: non-constant source not supported"
[WARN][2024-09-24 16:41:27] ...lsp/handlers.lua:537	"14:41:27.735 WARNING ⛔️ file:///home/bolters/Repos/installDots/installDots line 293: non-constant source not supported"
[WARN][2024-09-24 16:41:27] ...lsp/handlers.lua:537	"14:41:27.914 WARNING ⛔️ file:///home/bolters/Repos/installDots/installDots line 293: non-constant source not supported"
[WARN][2024-09-24 16:41:28] ...lsp/handlers.lua:537	"14:41:28.111 WARNING ⛔️ file:///home/bolters/Repos/installDots/installDots line 293: non-constant source not supported"
[WARN][2024-09-24 16:41:28] ...lsp/handlers.lua:537	"14:41:28.356 WARNING ⛔️ file:///home/bolters/Repos/installDots/installDots line 293: non-constant source not supported"
[WARN][2024-09-24 16:41:28] ...lsp/handlers.lua:537	"14:41:28.506 WARNING ⛔️ file:///home/bolters/Repos/installDots/installDots line 293: non-constant source not supported"
[WARN][2024-09-24 16:41:28] ...lsp/handlers.lua:537	"14:41:28.672 WARNING ⛔️ file:///home/bolters/Repos/installDots/installDots line 293: non-constant source not supported"
[WARN][2024-09-24 16:41:28] ...lsp/handlers.lua:537	"14:41:28.878 WARNING ⛔️ file:///home/bolters/Repos/installDots/installDots line 293: non-constant source not supported"
[WARN][2024-09-24 16:41:29] ...lsp/handlers.lua:537	"14:41:29.077 WARNING ⛔️ file:///home/bolters/Repos/installDots/installDots line 293: non-constant source not supported"
[WARN][2024-09-24 16:41:29] ...lsp/handlers.lua:537	"14:41:29.260 WARNING ⛔️ file:///home/bolters/Repos/installDots/installDots line 293: non-constant source not supported"
[WARN][2024-09-24 16:41:29] ...lsp/handlers.lua:537	"14:41:29.479 WARNING ⛔️ file:///home/bolters/Repos/installDots/installDots line 293: non-constant source not supported"
[WARN][2024-09-24 16:41:29] ...lsp/handlers.lua:537	"14:41:29.795 WARNING ⛔️ file:///home/bolters/Repos/installDots/installDots line 293: non-constant source not supported"
[WARN][2024-09-24 16:41:29] ...lsp/handlers.lua:537	"14:41:29.951 WARNING ⛔️ file:///home/bolters/Repos/installDots/installDots line 292: non-constant source not supported"
[WARN][2024-09-24 16:41:39] ...lsp/handlers.lua:537	"14:41:39.668 WARNING ⛔️ file:///home/bolters/Repos/installDots/installDots line 292: non-constant source not supported"
[WARN][2024-09-24 16:41:40] ...lsp/handlers.lua:537	"14:41:40.967 WARNING ⛔️ file:///home/bolters/Repos/installDots/installDots line 292: non-constant source not supported"
[WARN][2024-09-24 16:41:41] ...lsp/handlers.lua:537	"14:41:41.272 WARNING ⛔️ file:///home/bolters/Repos/installDots/installDots line 292: non-constant source not supported"
[WARN][2024-09-24 16:41:41] ...lsp/handlers.lua:537	"14:41:41.419 WARNING ⛔️ file:///home/bolters/Repos/installDots/installDots line 292: non-constant source not supported"
[WARN][2024-09-24 16:41:41] ...lsp/handlers.lua:537	"14:41:41.567 WARNING ⛔️ file:///home/bolters/Repos/installDots/installDots line 292: non-constant source not supported"
[WARN][2024-09-24 16:41:41] ...lsp/handlers.lua:537	"14:41:41.722 WARNING ⛔️ file:///home/bolters/Repos/installDots/installDots line 292: non-constant source not supported"
[WARN][2024-09-24 16:41:41] ...lsp/handlers.lua:537	"14:41:41.772 WARNING ⛔️ file:///home/bolters/Repos/installDots/installDots line 292: non-constant source not supported"
[WARN][2024-09-24 16:41:41] ...lsp/handlers.lua:537	"14:41:41.942 WARNING ⛔️ file:///home/bolters/Repos/installDots/installDots line 292: non-constant source not supported"
[WARN][2024-09-24 16:41:42] ...lsp/handlers.lua:537	"14:41:42.092 WARNING ⛔️ file:///home/bolters/Repos/installDots/installDots line 292: non-constant source not supported"
[WARN][2024-09-24 16:41:44] ...lsp/handlers.lua:537	"14:41:44.156 WARNING ⛔️ file:///home/bolters/Repos/installDots/installDots line 292: non-constant source not supported"
[WARN][2024-09-24 16:41:44] ...lsp/handlers.lua:537	"14:41:44.882 WARNING ⛔️ file:///home/bolters/Repos/installDots/installDots line 292: non-constant source not supported"
[WARN][2024-09-24 16:41:44] ...lsp/handlers.lua:537	"14:41:44.882 WARNING ⛔️ Error while parsing file:///home/bolters/Repos/installDots/installDots: syntax error"
[WARN][2024-09-24 16:41:45] ...lsp/handlers.lua:537	"14:41:45.315 WARNING ⛔️ file:///home/bolters/Repos/installDots/installDots line 292: non-constant source not supported"
[WARN][2024-09-24 16:41:45] ...lsp/handlers.lua:537	"14:41:45.316 WARNING ⛔️ Error while parsing file:///home/bolters/Repos/installDots/installDots: syntax error"
[WARN][2024-09-24 16:41:45] ...lsp/handlers.lua:537	"14:41:45.553 WARNING ⛔️ file:///home/bolters/Repos/installDots/installDots line 292: non-constant source not supported"
[WARN][2024-09-24 16:41:45] ...lsp/handlers.lua:537	"14:41:45.553 WARNING ⛔️ Error while parsing file:///home/bolters/Repos/installDots/installDots: syntax error"
[WARN][2024-09-24 16:41:45] ...lsp/handlers.lua:537	"14:41:45.694 WARNING ⛔️ file:///home/bolters/Repos/installDots/installDots line 292: non-constant source not supported"
[WARN][2024-09-24 16:41:45] ...lsp/handlers.lua:537	"14:41:45.694 WARNING ⛔️ Error while parsing file:///home/bolters/Repos/installDots/installDots: syntax error"
[WARN][2024-09-24 16:41:45] ...lsp/handlers.lua:537	"14:41:45.844 WARNING ⛔️ file:///home/bolters/Repos/installDots/installDots line 292: non-constant source not supported"
[WARN][2024-09-24 16:41:45] ...lsp/handlers.lua:537	"14:41:45.844 WARNING ⛔️ Error while parsing file:///home/bolters/Repos/installDots/installDots: syntax error"
[WARN][2024-09-24 16:41:46] ...lsp/handlers.lua:537	"14:41:46.725 WARNING ⛔️ file:///home/bolters/Repos/installDots/installDots line 292: non-constant source not supported"
[WARN][2024-09-24 16:41:50] ...lsp/handlers.lua:537	"14:41:50.932 WARNING ⛔️ file:///home/bolters/Repos/installDots/installDots line 292: non-constant source not supported"
[WARN][2024-09-24 16:41:51] ...lsp/handlers.lua:537	"14:41:51.577 WARNING ⛔️ file:///home/bolters/Repos/installDots/installDots line 292: non-constant source not supported"
[WARN][2024-09-24 16:41:51] ...lsp/handlers.lua:537	"14:41:51.577 WARNING ⛔️ Error while parsing file:///home/bolters/Repos/installDots/installDots: syntax error"
[WARN][2024-09-24 16:41:51] ...lsp/handlers.lua:537	"14:41:51.584 WARNING ⛔️ file:///home/bolters/Repos/installDots/installDots line 292: non-constant source not supported"
[WARN][2024-09-24 16:41:51] ...lsp/handlers.lua:537	"14:41:51.876 WARNING ⛔️ file:///home/bolters/Repos/installDots/installDots line 292: non-constant source not supported"
[WARN][2024-09-24 16:41:52] ...lsp/handlers.lua:537	"14:41:52.028 WARNING ⛔️ file:///home/bolters/Repos/installDots/installDots line 292: non-constant source not supported"
[WARN][2024-09-24 16:41:52] ...lsp/handlers.lua:537	"14:41:52.175 WARNING ⛔️ file:///home/bolters/Repos/installDots/installDots line 292: non-constant source not supported"
[START][2024-09-24 16:42:53] LSP logging initiated
[WARN][2024-09-24 16:42:53] ...lsp/handlers.lua:537	"14:42:53.886 WARNING ⛔️ Environment variable configuration is being deprecated, please use workspace configuration. The following environment variables were used: shfmt"
[WARN][2024-09-24 16:42:53] ...lsp/handlers.lua:537	"14:42:53.925 WARNING ⛔️ file:///home/bolters/Repos/installDots/installDots line 292: non-constant source not supported"
[WARN][2024-09-24 16:42:54] ...lsp/handlers.lua:537	"14:42:54.435 WARNING ⛔️ ShellCheck: disabling linting as no executable was found at path 'shellcheck'"
[WARN][2024-09-24 16:43:23] ...lsp/handlers.lua:537	"14:43:23.679 WARNING ⛔️ file:///home/bolters/Repos/installDots/installDots line 292: non-constant source not supported"
[WARN][2024-09-24 16:43:23] ...lsp/handlers.lua:537	"14:43:23.882 WARNING ⛔️ file:///home/bolters/Repos/installDots/installDots line 292: non-constant source not supported"
[WARN][2024-09-24 16:43:24] ...lsp/handlers.lua:537	"14:43:24.577 WARNING ⛔️ file:///home/bolters/Repos/installDots/installDots line 292: non-constant source not supported"
[WARN][2024-09-24 16:43:24] ...lsp/handlers.lua:537	"14:43:24.755 WARNING ⛔️ file:///home/bolters/Repos/installDots/installDots line 292: non-constant source not supported"
[WARN][2024-09-24 16:43:26] ...lsp/handlers.lua:537	"14:43:26.311 WARNING ⛔️ file:///home/bolters/Repos/installDots/installDots line 292: non-constant source not supported"
[WARN][2024-09-24 16:43:26] ...lsp/handlers.lua:537	"14:43:26.457 WARNING ⛔️ file:///home/bolters/Repos/installDots/installDots line 292: non-constant source not supported"
[WARN][2024-09-24 16:43:26] ...lsp/handlers.lua:537	"14:43:26.601 WARNING ⛔️ file:///home/bolters/Repos/installDots/installDots line 292: non-constant source not supported"
[WARN][2024-09-24 16:43:26] ...lsp/handlers.lua:537	"14:43:26.956 WARNING ⛔️ file:///home/bolters/Repos/installDots/installDots line 292: non-constant source not supported"
[WARN][2024-09-24 16:43:28] ...lsp/handlers.lua:537	"14:43:28.706 WARNING ⛔️ file:///home/bolters/Repos/installDots/installDots line 292: non-constant source not supported"
[WARN][2024-09-24 16:43:28] ...lsp/handlers.lua:537	"14:43:28.851 WARNING ⛔️ file:///home/bolters/Repos/installDots/installDots line 292: non-constant source not supported"
[WARN][2024-09-24 16:43:29] ...lsp/handlers.lua:537	"14:43:29.080 WARNING ⛔️ file:///home/bolters/Repos/installDots/installDots line 292: non-constant source not supported"
[WARN][2024-09-24 16:43:29] ...lsp/handlers.lua:537	"14:43:29.232 WARNING ⛔️ file:///home/bolters/Repos/installDots/installDots line 292: non-constant source not supported"
[WARN][2024-09-24 16:43:29] ...lsp/handlers.lua:537	"14:43:29.381 WARNING ⛔️ file:///home/bolters/Repos/installDots/installDots line 292: non-constant source not supported"
[WARN][2024-09-24 16:43:29] ...lsp/handlers.lua:537	"14:43:29.537 WARNING ⛔️ file:///home/bolters/Repos/installDots/installDots line 292: non-constant source not supported"
